0 verbose cli C:\Program Files\nodejs\node.exe C:\Program Files\nodejs\node_modules\npm\bin\npm-cli.js
1 info using npm@11.13.0
2 info using node@v24.16.0
3 silly config load:file:C:\Program Files\nodejs\node_modules\npm\npmrc
4 silly config load:file:C:\Users\PC VISION\OneDrive\Desktop\Luxe Reality\.npmrc
5 silly config load:file:C:\Users\PC VISION\.npmrc
6 silly config load:file:C:\Users\PC VISION\AppData\Roaming\npm\etc\npmrc
7 verbose title npm install react-router-dom motion @phosphor-icons/react
8 verbose argv "install" "react-router-dom" "motion" "@phosphor-icons/react"
9 verbose logfile logs-max:10 dir:C:\Users\PC VISION\OneDrive\Desktop\Luxe Reality\.npm-cache\_logs\2026-06-30T07_35_44_929Z-
10 verbose logfile C:\Users\PC VISION\OneDrive\Desktop\Luxe Reality\.npm-cache\_logs\2026-06-30T07_35_44_929Z-debug-0.log
11 silly logfile done cleaning log files
12 silly packumentCache heap:4496293888 maxSize:1124073472 maxEntrySize:562036736
13 silly idealTree buildDeps
14 silly fetch manifest react-router-dom@*
15 silly packumentCache full:https://registry.npmjs.org/react-router-dom cache-miss
16 http fetch GET 200 https://registry.npmjs.org/react-router-dom 676ms (cache miss)
17 silly packumentCache full:https://registry.npmjs.org/react-router-dom set size:undefined disposed:false
18 silly fetch manifest react@19.2.0
19 silly packumentCache full:https://registry.npmjs.org/react cache-miss
20 http cache https://registry.npmjs.org/react 97ms (cache hit)
21 silly packumentCache full:https://registry.npmjs.org/react set size:6747163 disposed:false
22 silly fetch manifest react-dom@19.2.0
23 silly packumentCache full:https://registry.npmjs.org/react-dom cache-miss
24 http cache https://registry.npmjs.org/react-dom 64ms (cache hit)
25 silly packumentCache full:https://registry.npmjs.org/react-dom set size:9025663 disposed:false
26 silly fetch manifest motion@*
27 silly packumentCache full:https://registry.npmjs.org/motion cache-miss
28 http fetch GET 200 https://registry.npmjs.org/motion 553ms (cache miss)
29 silly packumentCache full:https://registry.npmjs.org/motion set size:undefined disposed:false
30 silly fetch manifest @emotion/is-prop-valid@*
31 silly packumentCache full:https://registry.npmjs.org/@emotion%2fis-prop-valid cache-miss
32 http fetch GET 200 https://registry.npmjs.org/@emotion%2fis-prop-valid 89ms (cache miss)
33 silly packumentCache full:https://registry.npmjs.org/@emotion%2fis-prop-valid set size:undefined disposed:false
34 silly fetch manifest @phosphor-icons/react@*
35 silly packumentCache full:https://registry.npmjs.org/@phosphor-icons%2freact cache-miss
36 http fetch GET 200 https://registry.npmjs.org/@phosphor-icons%2freact 929ms (cache miss)
37 silly packumentCache full:https://registry.npmjs.org/@phosphor-icons%2freact set size:undefined disposed:false
38 silly placeDep ROOT @phosphor-icons/react@2.1.10 OK for: luxe-reality@0.0.0 want: *
39 silly placeDep ROOT motion@12.42.0 OK for: luxe-reality@0.0.0 want: *
40 silly placeDep ROOT react-router-dom@7.18.1 OK for: luxe-reality@0.0.0 want: *
41 silly fetch manifest framer-motion@^12.42.0
42 silly packumentCache full:https://registry.npmjs.org/framer-motion cache-miss
43 silly fetch manifest tslib@^2.4.0
44 silly packumentCache full:https://registry.npmjs.org/tslib cache-miss
45 silly fetch manifest react-router@7.18.1
46 silly packumentCache full:https://registry.npmjs.org/react-router cache-miss
47 http fetch GET 200 https://registry.npmjs.org/tslib 167ms (cache miss)
48 silly packumentCache full:https://registry.npmjs.org/tslib set size:undefined disposed:false
49 http fetch GET 200 https://registry.npmjs.org/framer-motion 263ms (cache miss)
50 silly packumentCache full:https://registry.npmjs.org/framer-motion set size:undefined disposed:false
51 http fetch GET 200 https://registry.npmjs.org/react-router 566ms (cache miss)
52 silly packumentCache full:https://registry.npmjs.org/react-router set size:undefined disposed:false
53 silly fetch manifest react@^18.0.0 || ^19.0.0
54 silly packumentCache full:https://registry.npmjs.org/react cache-miss
55 http cache https://registry.npmjs.org/react 39ms (cache hit)
56 silly packumentCache full:https://registry.npmjs.org/react set size:6747163 disposed:false
57 silly fetch manifest react-dom@^18.0.0 || ^19.0.0
58 silly packumentCache full:https://registry.npmjs.org/react-dom cache-miss
59 http cache https://registry.npmjs.org/react-dom 45ms (cache hit)
60 silly packumentCache full:https://registry.npmjs.org/react-dom set size:9025663 disposed:false
61 silly placeDep ROOT framer-motion@12.42.0 OK for: motion@12.42.0 want: ^12.42.0
62 silly placeDep ROOT tslib@2.8.1 OK for: motion@12.42.0 want: ^2.4.0
63 silly fetch manifest motion-dom@^12.42.0
64 silly packumentCache full:https://registry.npmjs.org/motion-dom cache-miss
65 silly fetch manifest motion-utils@^12.39.0
66 silly packumentCache full:https://registry.npmjs.org/motion-utils cache-miss
67 http fetch GET 200 https://registry.npmjs.org/motion-utils 72ms (cache miss)
68 silly packumentCache full:https://registry.npmjs.org/motion-utils set size:undefined disposed:false
69 http fetch GET 200 https://registry.npmjs.org/motion-dom 76ms (cache miss)
70 silly packumentCache full:https://registry.npmjs.org/motion-dom set size:undefined disposed:false
71 silly placeDep ROOT motion-dom@12.42.0 OK for: framer-motion@12.42.0 want: ^12.42.0
72 silly placeDep ROOT motion-utils@12.39.0 OK for: framer-motion@12.42.0 want: ^12.39.0
73 silly fetch manifest react@>=18
74 silly packumentCache full:https://registry.npmjs.org/react cache-miss
75 http cache https://registry.npmjs.org/react 34ms (cache hit)
76 silly packumentCache full:https://registry.npmjs.org/react set size:6747163 disposed:false
77 silly fetch manifest react-dom@>=18
78 silly packumentCache full:https://registry.npmjs.org/react-dom cache-miss
79 http cache https://registry.npmjs.org/react-dom 50ms (cache hit)
80 silly packumentCache full:https://registry.npmjs.org/react-dom set size:9025663 disposed:false
81 silly placeDep ROOT react-router@7.18.1 OK for: react-router-dom@7.18.1 want: 7.18.1
82 silly fetch manifest cookie@^1.0.1
83 silly packumentCache full:https://registry.npmjs.org/cookie cache-miss
84 silly fetch manifest set-cookie-parser@^2.6.0
85 silly packumentCache full:https://registry.npmjs.org/set-cookie-parser cache-miss
86 http fetch GET 200 https://registry.npmjs.org/set-cookie-parser 71ms (cache miss)
87 silly packumentCache full:https://registry.npmjs.org/set-cookie-parser set size:undefined disposed:false
88 http fetch GET 200 https://registry.npmjs.org/cookie 77ms (cache miss)
89 silly packumentCache full:https://registry.npmjs.org/cookie set size:undefined disposed:false
90 silly placeDep ROOT cookie@1.1.1 OK for: react-router@7.18.1 want: ^1.0.1
91 silly placeDep ROOT set-cookie-parser@2.7.2 OK for: react-router@7.18.1 want: ^2.6.0
92 silly reify moves {}
93 http cache set-cookie-parser@https://registry.npmjs.org/set-cookie-parser/-/set-cookie-parser-2.7.2.tgz 0ms (cache hit)
94 http cache cookie@https://registry.npmjs.org/cookie/-/cookie-1.1.1.tgz 0ms (cache hit)
95 http cache react-router@https://registry.npmjs.org/react-router/-/react-router-7.18.1.tgz 0ms (cache hit)
96 http cache motion-utils@https://registry.npmjs.org/motion-utils/-/motion-utils-12.39.0.tgz 0ms (cache hit)
97 http cache motion-dom@https://registry.npmjs.org/motion-dom/-/motion-dom-12.42.0.tgz 0ms (cache hit)
98 http cache tslib@https://registry.npmjs.org/tslib/-/tslib-2.8.1.tgz 0ms (cache hit)
99 http cache react-router-dom@https://registry.npmjs.org/react-router-dom/-/react-router-dom-7.18.1.tgz 0ms (cache hit)
100 http cache framer-motion@https://registry.npmjs.org/framer-motion/-/framer-motion-12.42.0.tgz 0ms (cache hit)
101 silly tarball no local data for set-cookie-parser@https://registry.npmjs.org/set-cookie-parser/-/set-cookie-parser-2.7.2.tgz. Extracting by manifest.
102 silly tarball no local data for cookie@https://registry.npmjs.org/cookie/-/cookie-1.1.1.tgz. Extracting by manifest.
103 silly tarball no local data for react-router@https://registry.npmjs.org/react-router/-/react-router-7.18.1.tgz. Extracting by manifest.
104 silly tarball no local data for motion-utils@https://registry.npmjs.org/motion-utils/-/motion-utils-12.39.0.tgz. Extracting by manifest.
105 silly tarball no local data for motion-dom@https://registry.npmjs.org/motion-dom/-/motion-dom-12.42.0.tgz. Extracting by manifest.
106 silly tarball no local data for tslib@https://registry.npmjs.org/tslib/-/tslib-2.8.1.tgz. Extracting by manifest.
107 silly tarball no local data for react-router-dom@https://registry.npmjs.org/react-router-dom/-/react-router-dom-7.18.1.tgz. Extracting by manifest.
108 http cache @phosphor-icons/react@https://registry.npmjs.org/@phosphor-icons/react/-/react-2.1.10.tgz 1ms (cache hit)
109 http cache motion@https://registry.npmjs.org/motion/-/motion-12.42.0.tgz 0ms (cache hit)
110 silly tarball no local data for framer-motion@https://registry.npmjs.org/framer-motion/-/framer-motion-12.42.0.tgz. Extracting by manifest.
111 silly tarball no local data for @phosphor-icons/react@https://registry.npmjs.org/@phosphor-icons/react/-/react-2.1.10.tgz. Extracting by manifest.
112 silly tarball no local data for motion@https://registry.npmjs.org/motion/-/motion-12.42.0.tgz. Extracting by manifest.
113 http fetch GET 200 https://registry.npmjs.org/set-cookie-parser/-/set-cookie-parser-2.7.2.tgz 152ms (cache miss)
114 http fetch GET 200 https://registry.npmjs.org/cookie/-/cookie-1.1.1.tgz 156ms (cache miss)
115 http fetch GET 200 https://registry.npmjs.org/react-router-dom/-/react-router-dom-7.18.1.tgz 262ms (cache miss)
116 http fetch GET 200 https://registry.npmjs.org/tslib/-/tslib-2.8.1.tgz 287ms (cache miss)
117 http fetch GET 200 https://registry.npmjs.org/motion/-/motion-12.42.0.tgz 588ms (cache miss)
118 http fetch GET 200 https://registry.npmjs.org/motion-utils/-/motion-utils-12.39.0.tgz 904ms (cache miss)
119 http fetch GET 200 https://registry.npmjs.org/react-router/-/react-router-7.18.1.tgz 1875ms (cache miss)
120 http fetch GET 200 https://registry.npmjs.org/framer-motion/-/framer-motion-12.42.0.tgz 3251ms (cache miss)
121 http fetch GET 200 https://registry.npmjs.org/motion-dom/-/motion-dom-12.42.0.tgz 3578ms (cache miss)
122 http fetch GET 200 https://registry.npmjs.org/@phosphor-icons/react/-/react-2.1.10.tgz 43689ms (cache miss)
123 silly ADD node_modules/set-cookie-parser
124 silly ADD node_modules/cookie
125 silly ADD node_modules/react-router
126 silly ADD node_modules/motion-utils
127 silly ADD node_modules/motion-dom
128 silly ADD node_modules/tslib
129 silly ADD node_modules/framer-motion
130 silly ADD node_modules/react-router-dom
131 silly ADD node_modules/motion
132 silly ADD node_modules/@phosphor-icons/react
133 verbose cwd C:\Users\PC VISION\OneDrive\Desktop\Luxe Reality
134 verbose os Windows_NT 10.0.26200
135 verbose node v24.16.0
136 verbose npm  v11.13.0
137 verbose exit 0
138 info ok
